This is pdfTeX, Version 3.141592653-2.6-1.40.25 (TeX Live 2023) (preloaded format=pdflatex 2023.3.29)  27 JUN 2023 09:14
entering extended mode
 restricted \write18 enabled.
 file:line:error style messages enabled.
 %&-line parsing enabled.
**"c:/!!!Mis cosas/4to año/ML/Building-Detection-Project/docs/doc.tex"
(c:/!!!Mis cosas/4to año/ML/Building-Detection-Project/docs/doc.tex
LaTeX2e <2022-11-01> patch level 1
L3 programming layer <2023-02-22> (c:/texlive/2023/texmf-dist/tex/latex/llncs/llncs.cls
Document Class: llncs 2022/09/05 v2.22 
 LaTeX document class for Lecture Notes in Computer Science
(c:/texlive/2023/texmf-dist/tex/latex/base/article.cls
Document Class: article 2022/07/02 v1.4n Standard LaTeX document class
(c:/texlive/2023/texmf-dist/tex/latex/base/size10.clo
File: size10.clo 2022/07/02 v1.4n Standard LaTeX file (size option)
)
\c@part=\count185
\c@section=\count186
\c@subsection=\count187
\c@subsubsection=\count188
\c@paragraph=\count189
\c@subparagraph=\count190
\c@figure=\count191
\c@table=\count192
\abovecaptionskip=\skip48
\belowcaptionskip=\skip49
\bibindent=\dimen140
) (c:/texlive/2023/texmf-dist/tex/latex/tools/multicol.sty
Package: multicol 2021/11/30 v1.9d multicolumn formatting (FMi)
\c@tracingmulticols=\count193
\mult@box=\box51
\multicol@leftmargin=\dimen141
\c@unbalance=\count194
\c@collectmore=\count195
\doublecol@number=\count196
\multicoltolerance=\count197
\multicolpretolerance=\count198
\full@width=\dimen142
\page@free=\dimen143
\premulticols=\dimen144
\postmulticols=\dimen145
\multicolsep=\skip50
\multicolbaselineskip=\skip51
\partial@page=\box52
\last@line=\box53
\maxbalancingoverflow=\dimen146
\mult@rightbox=\box54
\mult@grightbox=\box55
\mult@firstbox=\box56
\mult@gfirstbox=\box57
\@tempa=\box58
\@tempa=\box59
\@tempa=\box60
\@tempa=\box61
\@tempa=\box62
\@tempa=\box63
\@tempa=\box64
\@tempa=\box65
\@tempa=\box66
\@tempa=\box67
\@tempa=\box68
\@tempa=\box69
\@tempa=\box70
\@tempa=\box71
\@tempa=\box72
\@tempa=\box73
\@tempa=\box74
\@tempa=\box75
\@tempa=\box76
\@tempa=\box77
\@tempa=\box78
\@tempa=\box79
\@tempa=\box80
\@tempa=\box81
\@tempa=\box82
\@tempa=\box83
\@tempa=\box84
\@tempa=\box85
\@tempa=\box86
\@tempa=\box87
\@tempa=\box88
\@tempa=\box89
\@tempa=\box90
\@tempa=\box91
\@tempa=\box92
\@tempa=\box93
\c@minrows=\count199
\c@columnbadness=\count266
\c@finalcolumnbadness=\count267
\last@try=\dimen147
\multicolovershoot=\dimen148
\multicolundershoot=\dimen149
\mult@nat@firstbox=\box94
\colbreak@box=\box95
\mc@col@check@num=\count268
) (c:/texlive/2023/texmf-dist/tex/latex/oberdiek/aliascnt.sty
Package: aliascnt 2018/09/07 v1.5 Alias counters (HO)
)
\c@chapter=\count269
LaTeX Font Info:    Redeclaring math symbol \Gamma on input line 362.
LaTeX Font Info:    Redeclaring math symbol \Delta on input line 363.
LaTeX Font Info:    Redeclaring math symbol \Theta on input line 364.
LaTeX Font Info:    Redeclaring math symbol \Lambda on input line 365.
LaTeX Font Info:    Redeclaring math symbol \Xi on input line 366.
LaTeX Font Info:    Redeclaring math symbol \Pi on input line 367.
LaTeX Font Info:    Redeclaring math symbol \Sigma on input line 368.
LaTeX Font Info:    Redeclaring math symbol \Upsilon on input line 369.
LaTeX Font Info:    Redeclaring math symbol \Phi on input line 370.
LaTeX Font Info:    Redeclaring math symbol \Psi on input line 371.
LaTeX Font Info:    Redeclaring math symbol \Omega on input line 372.
LaTeX Info: Redefining \vec on input line 377.
\tocchpnum=\dimen150
\tocsecnum=\dimen151
\tocsectotal=\dimen152
\tocsubsecnum=\dimen153
\tocsubsectotal=\dimen154
\tocsubsubsecnum=\dimen155
\tocsubsubsectotal=\dimen156
\tocparanum=\dimen157
\tocparatotal=\dimen158
\tocsubparanum=\dimen159
\@tempcntc=\count270
\fnindent=\dimen160
\c@@inst=\count271
\c@@auth=\count272
\c@auco=\count273
\instindent=\dimen161
\authrun=\box96
\authorrunning=\toks16
\tocauthor=\toks17
\titrun=\box97
\titlerunning=\toks18
\toctitle=\toks19
\c@theorem=\count274
\c@case=\count275
\c@conjecture=\count276
\c@corollary=\count277
\c@definition=\count278
\c@example=\count279
\c@exercise=\count280
\c@lemma=\count281
\c@note=\count282
\c@problem=\count283
\c@property=\count284
\c@proposition=\count285
\c@question=\count286
\c@solution=\count287
\c@remark=\count288
\headlineindent=\dimen162
) (c:/texlive/2023/texmf-dist/tex/latex/base/inputenc.sty
Package: inputenc 2021/02/14 v1.3d Input encoding file
\inpenc@prehook=\toks20
\inpenc@posthook=\toks21
) (c:/texlive/2023/texmf-dist/tex/generic/babel/babel.sty
Package: babel 2023/02/13 3.86 The Babel package
\babel@savecnt=\count289
\U@D=\dimen163
\l@unhyphenated=\language87
 (c:/texlive/2023/texmf-dist/tex/generic/babel/txtbabel.def)
\bbl@readstream=\read2
\bbl@dirlevel=\count290
 (c:/texlive/2023/texmf-dist/tex/generic/babel-spanish/spanish.ldf
Language: spanish.ldf 2021/05/27 v5.0q Spanish support from the babel system
\es@quottoks=\toks22
\es@quotdepth=\count291
Package babel Info: Making " an active character on input line 570.
Package babel Info: Making . an active character on input line 675.
Package babel Info: Making < an active character on input line 722.
Package babel Info: Making > an active character on input line 722.
)) (c:/texlive/2023/texmf-dist/tex/generic/babel/locale/es/babel-spanish.tex
Package babel Info: Importing font and identification data for spanish
(babel)             from babel-es.ini. Reported on input line 11.
) (c:/texlive/2023/texmf-dist/tex/latex/graphics/graphicx.sty
Package: graphicx 2021/09/16 v1.2d Enhanced LaTeX Graphics (DPC,SPQR)
 (c:/texlive/2023/texmf-dist/tex/latex/graphics/keyval.sty
Package: keyval 2022/05/29 v1.15 key=value parser (DPC)
\KV@toks@=\toks23
) (c:/texlive/2023/texmf-dist/tex/latex/graphics/graphics.sty
Package: graphics 2022/03/10 v1.4e Standard LaTeX Graphics (DPC,SPQR)
 (c:/texlive/2023/texmf-dist/tex/latex/graphics/trig.sty
Package: trig 2021/08/11 v1.11 sin cos tan (DPC)
) (c:/texlive/2023/texmf-dist/tex/latex/graphics-cfg/graphics.cfg
File: graphics.cfg 2016/06/04 v1.11 sample graphics configuration
)
Package graphics Info: Driver file: pdftex.def on input line 107.
 (c:/texlive/2023/texmf-dist/tex/latex/graphics-def/pdftex.def
File: pdftex.def 2022/09/22 v1.2b Graphics/color driver for pdftex
))
\Gin@req@height=\dimen164
\Gin@req@width=\dimen165
) (c:/texlive/2023/texmf-dist/tex/latex/l3backend/l3backend-pdftex.def
File: l3backend-pdftex.def 2023-01-16 L3 backend support: PDF output (pdfTeX)
\l__color_backend_stack_int=\count292
\l__pdf_internal_box=\box98
)

LaTeX Warning: Unused global option(s):
    [article].

(./doc.aux)
\openout1 = `doc.aux'.

LaTeX Font Info:    Checking defaults for OML/cmm/m/it on input line 14.
LaTeX Font Info:    ... okay on input line 14.
LaTeX Font Info:    Checking defaults for OMS/cmsy/m/n on input line 14.
LaTeX Font Info:    ... okay on input line 14.
LaTeX Font Info:    Checking defaults for OT1/cmr/m/n on input line 14.
LaTeX Font Info:    ... okay on input line 14.
LaTeX Font Info:    Checking defaults for T1/cmr/m/n on input line 14.
LaTeX Font Info:    ... okay on input line 14.
LaTeX Font Info:    Checking defaults for TS1/cmr/m/n on input line 14.
LaTeX Font Info:    ... okay on input line 14.
LaTeX Font Info:    Checking defaults for OMX/cmex/m/n on input line 14.
LaTeX Font Info:    ... okay on input line 14.
LaTeX Font Info:    Checking defaults for U/cmr/m/n on input line 14.
LaTeX Font Info:    ... okay on input line 14.
LaTeX Info: Redefining \. on input line 14.
LaTeX Info: Redefining \% on input line 14.
 (c:/texlive/2023/texmf-dist/tex/context/base/mkii/supp-pdf.mkii
[Loading MPS to PDF converter (version 2006.09.02).]
\scratchcounter=\count293
\scratchdimen=\dimen166
\scratchbox=\box99
\nofMPsegments=\count294
\nofMParguments=\count295
\everyMPshowfont=\toks24
\MPscratchCnt=\count296
\MPscratchDim=\dimen167
\MPnumerator=\count297
\makeMPintoPDFobject=\count298
\everyMPtoPDFconversion=\toks25
) (c:/texlive/2023/texmf-dist/tex/latex/epstopdf-pkg/epstopdf-base.sty
Package: epstopdf-base 2020-01-24 v2.11 Base part for package epstopdf
Package epstopdf-base Info: Redefining graphics rule for `.eps' on input line 485.
 (c:/texlive/2023/texmf-dist/tex/latex/latexconfig/epstopdf-sys.cfg
File: epstopdf-sys.cfg 2010/07/13 v1.3 Configuration of (r)epstopdf for TeX Live
))
LaTeX Font Info:    External font `cmex10' loaded for size
(Font)              <7> on input line 27.
LaTeX Font Info:    External font `cmex10' loaded for size
(Font)              <5> on input line 27.
 [1

{c:/texlive/2023/texmf-var/fonts/map/pdftex/updmap/pdftex.map}{c:/texlive/2023/texmf-dist/fonts/enc/dvips/cm-super/cm-super-ts1.enc}]

LaTeX Warning: Citation `CNN1' on page 2 undefined on input line 88.


LaTeX Warning: Citation `CNN2' on page 2 undefined on input line 88.


LaTeX Warning: Citation `CNN3' on page 2 undefined on input line 88.


LaTeX Warning: Citation `CNN4' on page 2 undefined on input line 88.


LaTeX Warning: Citation `SPCA' on page 2 undefined on input line 93.


LaTeX Warning: Citation `ABE' on page 2 undefined on input line 98.


LaTeX Warning: Citation `DBC' on page 2 undefined on input line 101.


LaTeX Warning: Citation `DBS' on page 2 undefined on input line 105.


LaTeX Warning: Citation `CLUS1' on page 2 undefined on input line 109.


LaTeX Warning: Citation `CLUS2' on page 2 undefined on input line 109.


LaTeX Warning: Citation `FRCNN' on page 2 undefined on input line 111.


LaTeX Warning: Citation `ADFCNN' on page 2 undefined on input line 115.


LaTeX Warning: Citation `DC-FCNN' on page 2 undefined on input line 115.

[2]

LaTeX Warning: Citation `satelite' on page 3 undefined on input line 117.


LaTeX Warning: Citation `SAM' on page 3 undefined on input line 124.

[3] [4] [5] [6]
LaTeX Font Info:    External font `cmex10' loaded for size
(Font)              <9> on input line 283.
LaTeX Font Info:    External font `cmex10' loaded for size
(Font)              <6> on input line 283.

Overfull \hbox (131.29097pt too wide) in paragraph at lines 283--294
 [][] 
 []


LaTeX Warning: Reference `tab:resultados1' on page 7 undefined on input line 299.


LaTeX Warning: Reference `fig:exp5_sample1' on page 7 undefined on input line 304.


LaTeX Warning: Reference `fig:exp5_sample2' on page 7 undefined on input line 305.


LaTeX Warning: File `photo_2023-06-24_21-48-53.jpg' not found on input line 311.


c:/!!!Mis cosas/4to año/ML/Building-Detection-Project/docs/doc.tex:311: Package pdftex.def Error: File `photo_2023-06-24_21-48-53.jpg' not found: using draft setting.

See the pdftex.def package documentation for explanation.
Type  H <return>  for immediate help.
 ...                                              
                                                  
l.311 ...linewidth]{photo_2023-06-24_21-48-53.jpg}
                                                  
Try typing  <return>  to proceed.
If that doesn't work, type  X <return>  to quit.


LaTeX Warning: File `photo_2023-06-24_21-49-00.jpg' not found on input line 318.


c:/!!!Mis cosas/4to año/ML/Building-Detection-Project/docs/doc.tex:318: Package pdftex.def Error: File `photo_2023-06-24_21-49-00.jpg' not found: using draft setting.

See the pdftex.def package documentation for explanation.
Type  H <return>  for immediate help.
 ...                                              
                                                  
l.318 ...linewidth]{photo_2023-06-24_21-49-00.jpg}
                                                  
Try typing  <return>  to proceed.
If that doesn't work, type  X <return>  to quit.

[7]
Overfull \hbox (99.29579pt too wide) in paragraph at lines 351--360
 [][] 
 []

<3.png, id=31, 395.3169pt x 330.2739pt>
File: 3.png Graphic file (type png)
<use 3.png>
Package pdftex.def Info: 3.png  used on input line 364.
(pdftex.def)             Requested size: 173.56177pt x 145.00346pt.

LaTeX Warning: `h' float specifier changed to `ht'.


LaTeX Warning: Reference `fig:Figure_3exp' on page 8 undefined on input line 369.


LaTeX Warning: Reference `tabla:experimentosFaster' on page 8 undefined on input line 375.

[8]
Overfull \hbox (55.89627pt too wide) in paragraph at lines 383--396
 [][] 
 []


LaTeX Warning: `h' float specifier changed to `ht'.


LaTeX Warning: Reference `fig:mobilnetgosu' on page 9 undefined on input line 406.

<mobilnet_v3_large_320_fpn_20e.png, id=37, 416.2752pt x 331.7193pt>
File: mobilnet_v3_large_320_fpn_20e.png Graphic file (type png)
<use mobilnet_v3_large_320_fpn_20e.png>
Package pdftex.def Info: mobilnet_v3_large_320_fpn_20e.png  used on input line 411.
(pdftex.def)             Requested size: 173.56177pt x 138.30882pt.
[9]

LaTeX Warning: `h' float specifier changed to `ht'.


LaTeX Warning: Reference `fig:canny' on page 10 undefined on input line 430.


LaTeX Warning: Reference `fig:Figure_2' on page 10 undefined on input line 430.


LaTeX Warning: Reference `fig:SAM' on page 10 undefined on input line 430.

[10 <./3.png>]

LaTeX Warning: Reference `fig:estadio_guillermon_moncada' on page 11 undefined on input line 445.


LaTeX Warning: Reference `fig:Figure_1' on page 11 undefined on input line 445.


LaTeX Warning: Reference `fig:SAM' on page 11 undefined on input line 445.


LaTeX Warning: Reference `fig:Figure_2' on page 11 undefined on input line 445.


LaTeX Warning: Reference `fig:canny' on page 11 undefined on input line 445.


LaTeX Warning: File `estadio_guillermon_moncada.jpg' not found on input line 449.


c:/!!!Mis cosas/4to año/ML/Building-Detection-Project/docs/doc.tex:449: Package pdftex.def Error: File `estadio_guillermon_moncada.jpg' not found: using draft setting.

See the pdftex.def package documentation for explanation.
Type  H <return>  for immediate help.
 ...                                              
                                                  
l.449 ...extwidth]{estadio_guillermon_moncada.jpg}
                                                  
Try typing  <return>  to proceed.
If that doesn't work, type  X <return>  to quit.


LaTeX Warning: `h' float specifier changed to `ht'.

<SAM.png, id=45, 570.933pt x 586.8324pt>
File: SAM.png Graphic file (type png)
<use SAM.png>
Package pdftex.def Info: SAM.png  used on input line 456.
(pdftex.def)             Requested size: 173.56177pt x 178.39711pt.

LaTeX Warning: Reference `fig:estadio_guillermon_moncada' on page 11 undefined on input line 457.


LaTeX Warning: `h' float specifier changed to `ht'.

<Figure_1.png, id=46, 361.35pt x 361.35pt>
File: Figure_1.png Graphic file (type png)
<use Figure_1.png>
Package pdftex.def Info: Figure_1.png  used on input line 463.
(pdftex.def)             Requested size: 173.56177pt x 173.56181pt.

LaTeX Warning: Reference `fig:estadio_guillermon_moncada' on page 11 undefined on input line 464.


LaTeX Warning: `h' float specifier changed to `ht'.

<Figure_2.png, id=47, 462.528pt x 346.896pt>
File: Figure_2.png Graphic file (type png)
<use Figure_2.png>
Package pdftex.def Info: Figure_2.png  used on input line 470.
(pdftex.def)             Requested size: 173.56177pt x 130.17036pt.

LaTeX Warning: Reference `fig:estadio_guillermon_moncada' on page 11 undefined on input line 471.


LaTeX Warning: `h' float specifier changed to `ht'.

<canny.png, id=48, 536.60475pt x 537.207pt>
File: canny.png Graphic file (type png)
<use canny.png>
Package pdftex.def Info: canny.png  used on input line 477.
(pdftex.def)             Requested size: 173.56177pt x 173.75409pt.

LaTeX Warning: Reference `fig:estadio_guillermon_moncada' on page 11 undefined on input line 478.


LaTeX Warning: `h' float specifier changed to `ht'.


Underfull \hbox (badness 1776) in paragraph at lines 490--491
\OT1/cmr/m/n/9 ro Su-gi-mo-to, Hi-roshi Ishi-ka-wa, y Ryo-su-ke Na-ka-mu-ra. []De-tec-tion by clas-
 []


Underfull \hbox (badness 3536) in paragraph at lines 490--491
\OT1/cmr/m/n/9 si-fi-ca-tion of buil-dings in mul-tis-pec-tral sa-te-lli-te ima-gery[]. En 2016 23rd
 []


Underfull \hbox (badness 5331) in paragraph at lines 490--491
\OT1/cmr/m/n/9 In-ter-na-tio-nal Con-fe-ren-ce on Pat-tern Re-cog-ni-tion (ICPR), 3344-49, 2016.
 []

[11 <./mobilnet_v3_large_320_fpn_20e.png>]
Underfull \hbox (badness 1924) in paragraph at lines 514--515
\OT1/cmr/m/n/9 proach", En 2016 IEEE Transac-tions on Geos-cien-ce and Re-mo-te Sen-sing,
 []


Underfull \vbox (badness 1221) has occurred while \output is active []

 [12]
Underfull \hbox (badness 2894) in paragraph at lines 529--530
[]\OT1/cmr/m/n/9 M M Zhu, Y L Xu, S P Ma, H Q Ma, .[]irport De-tec-tion on Re-
 []


Underfull \hbox (badness 1910) in paragraph at lines 529--530
\OT1/cmr/m/n/9 mo-te Sen-sing Ima-ges Using Fa-ter Region-based Con-vo-lu-tio-nal Neu-ral Net-
 []


Underfull \hbox (badness 4242) in paragraph at lines 529--530
\OT1/cmr/m/n/9 work", Jour-nal of Phy-sics: Con-fe-ren-ce Se-ries, vol.1060, pp.012037, 2018.
 []


Underfull \hbox (badness 10000) in paragraph at lines 532--533
[]\OT1/cmr/m/n/9 Targ, Sasha, Dio-go Al-mei-da, y Ke-vin Ly-man. []Res-net in Res-net:
 []


Underfull \hbox (badness 10000) in paragraph at lines 532--533
\OT1/cmr/m/n/9 Ge-ne-ra-li-zing Re-si-dual Ar-chi-tec-tu-res[]. ar-Xiv, 25 de mar-zo de 2016.
 []

[13 <./SAM.png>] [14 <./Figure_1.png> <./Figure_2.png>] [15 <./canny.png>] (./doc.aux
LaTeX Info: Redefining \. on input line 8.
LaTeX Info: Redefining \% on input line 8.
)

LaTeX Warning: There were undefined references.


LaTeX Warning: Label(s) may have changed. Rerun to get cross-references right.

 ) 
Here is how much of TeX's memory you used:
 3393 strings out of 476025
 56627 string characters out of 5794015
 1866382 words of memory out of 5000000
 23825 multiletter control sequences out of 15000+600000
 516775 words of font info for 47 fonts, out of 8000000 for 9000
 1141 hyphenation exceptions out of 8191
 57i,9n,62p,506b,365s stack positions out of 10000i,1000n,20000p,200000b,200000s
<c:/texlive/2023/texmf-dist/fonts/type1/public/amsfonts/cm/cmbx10.pfb><c:/texlive/2023/texmf-dist/fonts/type1/public/amsfonts/cm/cmbx12.pfb><c:/texlive/2023/texmf-dist/fonts/type1/public/amsfonts/cm/cmbx9.pfb><c:/texlive/2023/texmf-dist/fonts/type1/public/amsfonts/cm/cmmi9.pfb><c:/texlive/2023/texmf-dist/fonts/type1/public/amsfonts/cm/cmr10.pfb><c:/texlive/2023/texmf-dist/fonts/type1/public/amsfonts/cm/cmr5.pfb><c:/texlive/2023/texmf-dist/fonts/type1/public/amsfonts/cm/cmr6.pfb><c:/texlive/2023/texmf-dist/fonts/type1/public/amsfonts/cm/cmr9.pfb><c:/texlive/2023/texmf-dist/fonts/type1/public/amsfonts/cm/cmsy5.pfb><c:/texlive/2023/texmf-dist/fonts/type1/public/amsfonts/cm/cmsy9.pfb><c:/texlive/2023/texmf-dist/fonts/type1/public/amsfonts/cm/cmtt9.pfb><c:/texlive/2023/texmf-dist/fonts/type1/public/cm-super/sfrm0900.pfb><c:/texlive/2023/texmf-dist/fonts/type1/public/cm-super/sfrm1000.pfb>
Output written on doc.pdf (15 pages, 2237633 bytes).
PDF statistics:
 132 PDF objects out of 1000 (max. 8388607)
 76 compressed objects within 1 object stream
 0 named destinations out of 1000 (max. 500000)
 31 words of extra memory for PDF output out of 10000 (max. 10000000)

